Log file open, 02/11/22 19:45:33
LogPlatformFile: Not using cached read wrapper
LogTaskGraph: Started task graph with 4 named threads and 13 total threads with 1 sets of task threads.
LogICUInternationalization: ICU TimeZone Detection - Raw Offset: -6:00, Platform Override: ''
LogInit: Display: Loading text-based GConfig....
LogInit: Build: ++UE4+Release-4.27-CL-0
LogInit: Engine Version: 4.27.0-0+++UE4+Release-4.27
LogInit: Compatible Engine Version: 4.27.0-0+++UE4+Release-4.27
LogInit: Net CL: 0
LogInit: OS: GenericOSVersionLabel (GenericOSSubVersionLabel), CPU: Intel(R) Core(TM) i9-10900K CPU @ 3.70GHz, GPU: GenericGPUBrand
LogInit: Compiled (64-bit): Sep 20 2021 12:49:59
LogInit: Compiled with Clang: 11.0.1 
LogInit: Build Configuration: Shipping
LogInit: Branch Name: ++UE4+Release-4.27
LogInit: Command Line:  -Abslog="/home/luojiayi/Documents/jiayi/Game_Development/MP1/InfiniteMatrixStarterProject/InfiniteMatrixStarter/Saved/Logs/InfiniteMatrix_2-CRC.log" -Unattended "/home/luojiayi/Documents/jiayi/Game_Development/MP1/InfiniteMatrixStarterProject/InfiniteMatrixStarter/Saved/Crashes/ensureinfo-InfiniteMatrix-pid-15003-7EB4E04EADFE41EBA8EA96267D9EE99E/"
LogInit: Base Directory: /home/luojiayi/Documents/jiayi/Unreal/UnrealEngine/Engine/Binaries/Linux/
LogInit: Allocator: binned2
LogInit: Installed Engine Build: 1
LogInit: Presizing for max 100000 objects, including 0 objects not considered by GC, pre-allocating 0 bytes for permanent pool.
LogConfig: Applying CVar settings from Section [/Script/Engine.StreamingSettings] File [/home/luojiayi/.config/Epic/CrashReportClient/Saved/Config/Linux/Engine.ini]
LogConfig: Setting CVar [[s.MinBulkDataSizeForAsyncLoading:131072]]
LogConfig: Setting CVar [[s.AsyncLoadingThreadEnabled:0]]
LogConfig: Setting CVar [[s.EventDrivenLoaderEnabled:1]]
LogConfig: Setting CVar [[s.WarnIfTimeLimitExceeded:0]]
LogConfig: Setting CVar [[s.TimeLimitExceededMultiplier:1.5]]
LogConfig: Setting CVar [[s.TimeLimitExceededMinTime:0.005]]
LogConfig: Setting CVar [[s.FlushStreamingOnExit:1]]
LogInit: Object subsystem initialized
LogConfig: Applying CVar settings from Section [ConsoleVariables] File [/home/luojiayi/.config/Epic/CrashReportClient/Saved/Config/Linux/Engine.ini]
[2022.02.12-01.45.33:685][  0]LogInit: Unix hardware info:
[2022.02.12-01.45.33:685][  0]LogInit:  - we are the first instance of this executable
[2022.02.12-01.45.33:685][  0]LogInit:  - this process' id (pid) is 15658, parent process' id (ppid) is 15003
[2022.02.12-01.45.33:685][  0]LogInit:  - we are not running under debugger
[2022.02.12-01.45.33:685][  0]LogInit:  - machine network name is 'luojiayi-Precision-3640-Tower'
[2022.02.12-01.45.33:685][  0]LogInit:  - user name is 'luojiayi' (luojiayi)
[2022.02.12-01.45.33:685][  0]LogInit:  - we're logged in locally
[2022.02.12-01.45.33:685][  0]LogInit:  - we're running with rendering
[2022.02.12-01.45.33:685][  0]LogInit:  - CPU: GenuineIntel 'Intel(R) Core(TM) i9-10900K CPU @ 3.70GHz' (signature: 0xA0655)
[2022.02.12-01.45.33:685][  0]LogInit:  - Number of physical cores available for the process: 10
[2022.02.12-01.45.33:685][  0]LogInit:  - Number of logical cores available for the process: 20
[2022.02.12-01.45.33:685][  0]LogInit:  - Cache line size: 64
[2022.02.12-01.45.33:685][  0]LogInit:  - Memory allocator used: binned2
[2022.02.12-01.45.33:685][  0]LogInit:  - This binary is optimized with LTO: no, PGO: no, instrumented for PGO data collection: no
[2022.02.12-01.45.33:685][  0]LogInit:  - This is an internal build.
[2022.02.12-01.45.33:685][  0]LogCore: Skipped benchmarking clocks because the engine is running in a standalone program mode - CLOCK_MONOTONIC will be used.
[2022.02.12-01.45.33:685][  0]LogInit: Unix-specific commandline switches:
[2022.02.12-01.45.33:685][  0]LogInit:  -ansimalloc - use malloc()/free() from libc (useful for tools like valgrind and electric fence)
[2022.02.12-01.45.33:685][  0]LogInit:  -jemalloc - use jemalloc for all memory allocation
[2022.02.12-01.45.33:685][  0]LogInit:  -binnedmalloc - use binned malloc  for all memory allocation
[2022.02.12-01.45.33:685][  0]LogInit:  -filemapcachesize=NUMBER - set the size for case-sensitive file mapping cache
[2022.02.12-01.45.33:685][  0]LogInit:  -useksm - uses kernel same-page mapping (KSM) for mapped memory (OFF)
[2022.02.12-01.45.33:685][  0]LogInit:  -ksmmergeall - marks all mmap'd memory pages suitable for KSM (OFF)
[2022.02.12-01.45.33:685][  0]LogInit:  -preloadmodulesymbols - Loads the main module symbols file into memory (OFF)
[2022.02.12-01.45.33:685][  0]LogInit:  -sigdfl=SIGNAL - Allows a specific signal to be set to its default handler rather then ignoring the signal
[2022.02.12-01.45.33:685][  0]LogInit:  -httpproxy=ADDRESS:PORT - redirects HTTP requests to a proxy (only supported if compiled with libcurl)
[2022.02.12-01.45.33:685][  0]LogInit:  -reuseconn - allow libcurl to reuse HTTP connections (only matters if compiled with libcurl)
[2022.02.12-01.45.33:685][  0]LogInit:  -virtmemkb=NUMBER - sets process virtual memory (address space) limit (overrides VirtualMemoryLimitInKB value from .ini)
[2022.02.12-01.45.33:685][  0]LogInit:  - Physical RAM available (not considering process quota): 126 GB (128547 MB, 131632756 KB, 134791942144 bytes)
[2022.02.12-01.45.33:685][  0]LogInit:  - VirtualMemoryAllocator pools will grow at scale 1.4
[2022.02.12-01.45.33:685][  0]LogInit:  - MemoryRangeDecommit() will be a no-op (re-run with -vmapoolevict to change)
[2022.02.12-01.45.33:694][  0]LogUObjectArray: 363 objects as part of root set at end of initial load.
[2022.02.12-01.45.33:694][  0]LogUObjectAllocator: 62768 out of 0 bytes used by permanent object pool.
[2022.02.12-01.45.33:694][  0]LogUObjectArray: CloseDisregardForGC: 0/0 objects in disregard for GC pool
[2022.02.12-01.45.33:694][  0]LogInit: Using OS detected language (en-US).
[2022.02.12-01.45.33:694][  0]LogInit: Using OS detected locale (en-US).
[2022.02.12-01.45.33:694][  0]LogTextLocalizationManager: No specific localization for 'en-US' exists, so the 'en' localization will be used.
[2022.02.12-01.45.33:705][  0]LogInit: Using OS detected language (en-US).
[2022.02.12-01.45.33:705][  0]LogInit: Using OS detected locale (en-US).
[2022.02.12-01.45.33:705][  0]LogTextLocalizationManager: No localization for 'en-US' exists, so 'en' will be used for the language.
[2022.02.12-01.45.33:705][  0]LogTextLocalizationManager: No localization for 'en-US' exists, so 'en' will be used for the locale.
[2022.02.12-01.45.33:706][  0]LogTextLocalizationManager: Compacting localization data took   0.66ms
[2022.02.12-01.45.33:706][  0]LogPackageLocalizationCache: Processed 2 localized package path(s) for 1 prioritized culture(s) in 0.000013 seconds
[2022.02.12-01.45.33:706][  0]CrashReportCoreLog: CrashReportClientVersion=1.0
[2022.02.12-01.45.33:706][  0]CrashReportCoreLog: CrashReportReceiver disabled
[2022.02.12-01.45.33:706][  0]CrashReportCoreLog: DataRouterUrl: https://datarouter.ol.epicgames.com/datarouter/api/v1/public/data
[2022.02.12-01.45.33:707][  0]CrashReportCoreLog: Initial state = Unknown UploadState value
[2022.02.12-01.45.33:707][  0]CrashReportCoreLog: Initial state = Unknown UploadState value
[2022.02.12-01.45.33:708][  0]LogCrashDebugHelper: DepotName: //UE4/Release-4.27
[2022.02.12-01.45.33:708][  0]LogCrashDebugHelper: BuiltFromCL: 0
[2022.02.12-01.45.33:708][  0]LogCrashDebugHelper: EngineVersion: 4.27.0-0+++UE4+Release-4.27
[2022.02.12-01.45.33:708][  0]LogCrashDebugHelper: BuildVersion: ++UE4+Release-4.27-CL-0
[2022.02.12-01.45.34:679][  0]CrashReportCoreLog: Got 4 pending files to upload from 'ensureinfo-InfiniteMatrix-pid-15003-7EB4E04EADFE41EBA8EA96267D9EE99E'
[2022.02.12-01.45.34:679][  0]CrashReportCoreLog: State change from Ready to SendingFiles
[2022.02.12-01.45.34:679][  0]CrashReportCoreLog: CompressAndSendData have 4 pending files
[2022.02.12-01.45.34:679][  0]CrashReportCoreLog: CompressAndSendData compressing 107 bytes ('/home/luojiayi/Documents/jiayi/Game_Development/MP1/InfiniteMatrixStarterProject/InfiniteMatrixStarter/Saved/Crashes/ensureinfo-InfiniteMatrix-pid-15003-7EB4E04EADFE41EBA8EA96267D9EE99E/CrashReportClient.ini')
[2022.02.12-01.45.34:679][  0]CrashReportCoreLog: CompressAndSendData compressing 4397 bytes ('/home/luojiayi/Documents/jiayi/Game_Development/MP1/InfiniteMatrixStarterProject/InfiniteMatrixStarter/Saved/Crashes/ensureinfo-InfiniteMatrix-pid-15003-7EB4E04EADFE41EBA8EA96267D9EE99E/Diagnostics.txt')
[2022.02.12-01.45.34:679][  0]CrashReportCoreLog: CompressAndSendData compressing 31662 bytes ('/home/luojiayi/Documents/jiayi/Game_Development/MP1/InfiniteMatrixStarterProject/InfiniteMatrixStarter/Saved/Crashes/ensureinfo-InfiniteMatrix-pid-15003-7EB4E04EADFE41EBA8EA96267D9EE99E/CrashContext.runtime-xml')
[2022.02.12-01.45.34:679][  0]CrashReportCoreLog: CompressAndSendData compressing 131951 bytes ('/home/luojiayi/Documents/jiayi/Game_Development/MP1/InfiniteMatrixStarterProject/InfiniteMatrixStarter/Saved/Crashes/ensureinfo-InfiniteMatrix-pid-15003-7EB4E04EADFE41EBA8EA96267D9EE99E/InfiniteMatrix_2.log')
[2022.02.12-01.45.34:692][  0]LogInit: Using libcurl 7.65.3-DEV
[2022.02.12-01.45.34:692][  0]LogInit:  - built for x86_64-unknown-linux-gnu
[2022.02.12-01.45.34:692][  0]LogInit:  - supports SSL with OpenSSL/1.1.1c
[2022.02.12-01.45.34:692][  0]LogInit:  - supports HTTP deflate (compression) using libz 1.2.8
[2022.02.12-01.45.34:692][  0]LogInit:  - other features:
[2022.02.12-01.45.34:692][  0]LogInit:      CURL_VERSION_SSL
[2022.02.12-01.45.34:692][  0]LogInit:      CURL_VERSION_LIBZ
[2022.02.12-01.45.34:692][  0]LogInit:      CURL_VERSION_IPV6
[2022.02.12-01.45.34:692][  0]LogInit:      CURL_VERSION_ASYNCHDNS
[2022.02.12-01.45.34:692][  0]LogInit:      CURL_VERSION_LARGEFILE
[2022.02.12-01.45.34:692][  0]LogInit:      CURL_VERSION_TLSAUTH_SRP
[2022.02.12-01.45.34:692][  0]LogInit:  CurlRequestOptions (configurable via config and command line):
[2022.02.12-01.45.34:692][  0]LogInit:  - bVerifyPeer = false  - Libcurl will NOT verify peer certificate
[2022.02.12-01.45.34:692][  0]LogInit:  - bUseHttpProxy = false  - Libcurl will NOT use HTTP proxy
[2022.02.12-01.45.34:692][  0]LogInit:  - bDontReuseConnections = false  - Libcurl will reuse connections
[2022.02.12-01.45.34:692][  0]LogInit:  - MaxHostConnections = 16  - Libcurl will limit the number of connections to a host
[2022.02.12-01.45.34:692][  0]LogInit:  - LocalHostAddr = Default
[2022.02.12-01.45.34:692][  0]LogInit:  - BufferSize = 65536
[2022.02.12-01.45.34:693][  0]CrashReportCoreLog: Sending HTTP request: https://datarouter.ol.epicgames.com/datarouter/api/v1/public/data?AppID=CrashReporter&AppVersion=4.27.0-0%2B%2B%2BUE4%2BRelease-4.27&AppEnvironment=Release&UploadType=crashreports&UserID=e80b283f6daf41d5b120e79dfe54d879-000003e8%7C%7Ce80b283f6daf41d5b120e79dfe54d879
[2022.02.12-01.45.34:877][  0]CrashReportCoreLog: OnProcessRequestComplete(), State=SendingFiles bSucceeded=1
[2022.02.12-01.45.34:877][  0]CrashReportCoreLog: State change from SendingFiles to SendingFiles
[2022.02.12-01.45.34:877][  0]CrashReportCoreLog: All uploads done
[2022.02.12-01.45.34:877][  0]CrashReportCoreLog: State change from SendingFiles to Finished
[2022.02.12-01.45.35:713][  0]CrashReportCoreLog: Final state (Receiver) = Finished
[2022.02.12-01.45.35:713][  0]CrashReportCoreLog: Final state (Receiver) = Unknown UploadState value
[2022.02.12-01.45.35:713][  0]LogCore: Engine exit requested (reason: CrashReportClientApp RequestExit)
[2022.02.12-01.45.35:713][  0]LogExit: Preparing to exit.
[2022.02.12-01.45.35:713][  0]LogExit: Object subsystem successfully closed.
[2022.02.12-01.45.35:714][  0]LogModuleManager: Shutting down and abandoning module HTTP (12)
[2022.02.12-01.45.35:714][  0]LogHttp: Display: cleaning up 0 outstanding Http requests.
[2022.02.12-01.45.35:726][  0]LogModuleManager: Shutting down and abandoning module SSL (11)
[2022.02.12-01.45.35:727][  0]LogModuleManager: Shutting down and abandoning module CrashDebugHelper (8)
[2022.02.12-01.45.35:727][  0]LogModuleManager: Shutting down and abandoning module CoreUObject (6)
[2022.02.12-01.45.35:727][  0]LogModuleManager: Shutting down and abandoning module PakFile (4)
[2022.02.12-01.45.35:727][  0]LogModuleManager: Shutting down and abandoning module RSA (3)
[2022.02.12-01.45.35:727][  0]LogExit: Exiting.
[2022.02.12-01.45.35:737][  0]Log file closed, 02/11/22 19:45:35
